# JRE version: OpenJDK Runtime Environment Temurin-21.0.10+7 (21.0.10+7) (build 21.0.10+7-LTS)
# Java VM: OpenJDK 64-Bit Server VM Temurin-21.0.10+7 (21.0.10+7-LTS, mixed mode, sharing, tiered, compressed oops, compressed class ptrs, parallel gc, windows-amd64)
GC Precious Log:
 CardTable entry size: 512
 CPUs: 16 total, 16 available
 Memory: 7484M
 Large Page Support: Disabled
 NUMA Support: Disabled
 Compressed Oops: Enabled (32-bit)
 Alignments: Space 512K, Generation 512K, Heap 2M
 Heap Min Capacity: 100M
 Heap Initial Capacity: 100M
 Heap Max Capacity: 2G
 Pre-touch: Disabled
 Parallel Workers: 13
Heap:
 PSYoungGen      total 18944K, used 18273K [0x00000000d5580000, 0x00000000d6b00000, 0x0000000100000000)
  eden space 16896K, 96% used [0x00000000d5580000,0x00000000d6571a40,0x00000000d6600000)
  from space 2048K, 95% used [0x00000000d6600000,0x00000000d67e6bd0,0x00000000d6800000)
  to   space 2560K, 0% used [0x00000000d6880000,0x00000000d6880000,0x00000000d6b00000)
 ParOldGen       total 68608K, used 41023K [0x0000000080000000, 0x0000000084300000, 0x00000000d5580000)
  object space 68608K, 59% used [0x0000000080000000,0x000000008280fef0,0x0000000084300000)
 Metaspace       used 62928K, committed 64320K, reserved 1114112K
  class space    used 6680K, committed 7232K, reserved 1048576K
GC Heap History (20 events):
Event: 19.298 GC heap before
{Heap before GC invocations=29 (full 2):
 PSYoungGen      total 20480K, used 20424K [0x00000000d5580000, 0x00000000d6e80000, 0x0000000100000000)
  eden space 16896K, 100% used [0x00000000d5580000,0x00000000d6600000,0x00000000d6600000)
  from space 3584K, 98% used [0x00000000d6a00000,0x00000000d6d72000,0x00000000d6d80000)
  to   space 4096K, 0% used [0x00000000d6600000,0x00000000d6600000,0x00000000d6a00000)
 ParOldGen       total 68608K, used 39707K [0x0000000080000000, 0x0000000084300000, 0x00000000d5580000)
  object space 68608K, 57% used [0x0000000080000000,0x00000000826c6ee8,0x0000000084300000)
 Metaspace       used 52952K, committed 54144K, reserved 1114112K
  class space    used 5749K, committed 6272K, reserved 1048576K
}
Event: 19.304 GC heap after
{Heap after GC invocations=29 (full 2):
 PSYoungGen      total 17920K, used 792K [0x00000000d5580000, 0x00000000d6a80000, 0x0000000100000000)
  eden space 16896K, 0% used [0x00000000d5580000,0x00000000d5580000,0x00000000d6600000)
  from space 1024K, 77% used [0x00000000d6600000,0x00000000d66c62e8,0x00000000d6700000)
  to   space 2048K, 0% used [0x00000000d6880000,0x00000000d6880000,0x00000000d6a80000)
 ParOldGen       total 68608K, used 43025K [0x0000000080000000, 0x0000000084300000, 0x00000000d5580000)
  object space 68608K, 62% used [0x0000000080000000,0x0000000082a04610,0x0000000084300000)
 Metaspace       used 52952K, committed 54144K, reserved 1114112K
  class space    used 5749K, committed 6272K, reserved 1048576K
}
Event: 19.935 GC heap before
{Heap before GC invocations=30 (full 2):
 PSYoungGen      total 17920K, used 17688K [0x00000000d5580000, 0x00000000d6a80000, 0x0000000100000000)
  eden space 16896K, 100% used [0x00000000d5580000,0x00000000d6600000,0x00000000d6600000)
  from space 1024K, 77% used [0x00000000d6600000,0x00000000d66c62e8,0x00000000d6700000)
  to   space 2048K, 0% used [0x00000000d6880000,0x00000000d6880000,0x00000000d6a80000)
 ParOldGen       total 68608K, used 43025K [0x0000000080000000, 0x0000000084300000, 0x00000000d5580000)
  object space 68608K, 62% used [0x0000000080000000,0x0000000082a04610,0x0000000084300000)
 Metaspace       used 53919K, committed 55168K, reserved 1114112K
  class space    used 5845K, committed 6400K, reserved 1048576K
}
Event: 19.943 GC heap after
{Heap after GC invocations=30 (full 2):
 PSYoungGen      total 17408K, used 480K [0x00000000d5580000, 0x00000000d6900000, 0x0000000100000000)
  eden space 16896K, 0% used [0x00000000d5580000,0x00000000d5580000,0x00000000d6600000)
  from space 512K, 93% used [0x00000000d6880000,0x00000000d68f8000,0x00000000d6900000)
  to   space 1024K, 0% used [0x00000000d6700000,0x00000000d6700000,0x00000000d6800000)
 ParOldGen       total 68608K, used 43695K [0x0000000080000000, 0x0000000084300000, 0x00000000d5580000)
  object space 68608K, 63% used [0x0000000080000000,0x0000000082aabea0,0x0000000084300000)
 Metaspace       used 53919K, committed 55168K, reserved 1114112K
  class space    used 5845K, committed 6400K, reserved 1048576K
}
Event: 20.301 GC heap before
{Heap before GC invocations=31 (full 2):
 PSYoungGen      total 17408K, used 17376K [0x00000000d5580000, 0x00000000d6900000, 0x0000000100000000)
  eden space 16896K, 100% used [0x00000000d5580000,0x00000000d6600000,0x00000000d6600000)
  from space 512K, 93% used [0x00000000d6880000,0x00000000d68f8000,0x00000000d6900000)
  to   space 1024K, 0% used [0x00000000d6700000,0x00000000d6700000,0x00000000d6800000)
 ParOldGen       total 68608K, used 43695K [0x0000000080000000, 0x0000000084300000, 0x00000000d5580000)
  object space 68608K, 63% used [0x0000000080000000,0x0000000082aabea0,0x0000000084300000)
 Metaspace       used 54471K, committed 55680K, reserved 1114112K
  class space    used 5882K, committed 6400K, reserved 1048576K
}
Event: 20.312 GC heap after
{Heap after GC invocations=31 (full 2):
 PSYoungGen      total 17920K, used 1015K [0x00000000d5580000, 0x00000000d6c00000, 0x0000000100000000)
  eden space 16896K, 0% used [0x00000000d5580000,0x00000000d5580000,0x00000000d6600000)
  from space 1024K, 99% used [0x00000000d6700000,0x00000000d67fdf70,0x00000000d6800000)
  to   space 3072K, 0% used [0x00000000d6900000,0x00000000d6900000,0x00000000d6c00000)
 ParOldGen       total 68608K, used 45152K [0x0000000080000000, 0x0000000084300000, 0x00000000d5580000)
  object space 68608K, 65% used [0x0000000080000000,0x0000000082c18300,0x0000000084300000)
 Metaspace       used 54471K, committed 55680K, reserved 1114112K
  class space    used 5882K, committed 6400K, reserved 1048576K
}
Event: 20.459 GC heap before
{Heap before GC invocations=32 (full 2):
 PSYoungGen      total 17920K, used 17876K [0x00000000d5580000, 0x00000000d6c00000, 0x0000000100000000)
  eden space 16896K, 99% used [0x00000000d5580000,0x00000000d65f72e0,0x00000000d6600000)
  from space 1024K, 99% used [0x00000000d6700000,0x00000000d67fdf70,0x00000000d6800000)
  to   space 3072K, 0% used [0x00000000d6900000,0x00000000d6900000,0x00000000d6c00000)
 ParOldGen       total 68608K, used 45152K [0x0000000080000000, 0x0000000084300000, 0x00000000d5580000)
  object space 68608K, 65% used [0x0000000080000000,0x0000000082c18300,0x0000000084300000)
 Metaspace       used 54481K, committed 55680K, reserved 1114112K
  class space    used 5882K, committed 6400K, reserved 1048576K
}
Event: 20.462 GC heap after
{Heap after GC invocations=32 (full 2):
 PSYoungGen      total 17920K, used 836K [0x00000000d5580000, 0x00000000d6a00000, 0x0000000100000000)
  eden space 16896K, 0% used [0x00000000d5580000,0x00000000d5580000,0x00000000d6600000)
  from space 1024K, 81% used [0x00000000d6900000,0x00000000d69d1358,0x00000000d6a00000)
  to   space 1536K, 0% used [0x00000000d6700000,0x00000000d6700000,0x00000000d6880000)
 ParOldGen       total 68608K, used 46043K [0x0000000080000000, 0x0000000084300000, 0x00000000d5580000)
  object space 68608K, 67% used [0x0000000080000000,0x0000000082cf6ee8,0x0000000084300000)
 Metaspace       used 54481K, committed 55680K, reserved 1114112K
  class space    used 5882K, committed 6400K, reserved 1048576K
}
Event: 23.174 GC heap before
{Heap before GC invocations=33 (full 2):
 PSYoungGen      total 17920K, used 17732K [0x00000000d5580000, 0x00000000d6a00000, 0x0000000100000000)
  eden space 16896K, 100% used [0x00000000d5580000,0x00000000d6600000,0x00000000d6600000)
  from space 1024K, 81% used [0x00000000d6900000,0x00000000d69d1358,0x00000000d6a00000)
  to   space 1536K, 0% used [0x00000000d6700000,0x00000000d6700000,0x00000000d6880000)
 ParOldGen       total 68608K, used 46043K [0x0000000080000000, 0x0000000084300000, 0x00000000d5580000)
  object space 68608K, 67% used [0x0000000080000000,0x0000000082cf6ee8,0x0000000084300000)
 Metaspace       used 56550K, committed 57792K, reserved 1114112K
  class space    used 6046K, committed 6592K, reserved 1048576K
}
Event: 23.177 GC heap after
{Heap after GC invocations=33 (full 2):
 PSYoungGen      total 18432K, used 528K [0x00000000d5580000, 0x00000000d6980000, 0x0000000100000000)
  eden space 16896K, 0% used [0x00000000d5580000,0x00000000d5580000,0x00000000d6600000)
  from space 1536K, 34% used [0x00000000d6700000,0x00000000d6784010,0x00000000d6880000)
  to   space 1024K, 0% used [0x00000000d6880000,0x00000000d6880000,0x00000000d6980000)
 ParOldGen       total 68608K, used 46131K [0x0000000080000000, 0x0000000084300000, 0x00000000d5580000)
  object space 68608K, 67% used [0x0000000080000000,0x0000000082d0cee8,0x0000000084300000)
 Metaspace       used 56550K, committed 57792K, reserved 1114112K
  class space    used 6046K, committed 6592K, reserved 1048576K
}
Event: 24.381 GC heap before
{Heap before GC invocations=34 (full 2):
 PSYoungGen      total 18432K, used 17408K [0x00000000d5580000, 0x00000000d6980000, 0x0000000100000000)
  eden space 16896K, 99% used [0x00000000d5580000,0x00000000d65fc000,0x00000000d6600000)
  from space 1536K, 34% used [0x00000000d6700000,0x00000000d6784010,0x00000000d6880000)
  to   space 1024K, 0% used [0x00000000d6880000,0x00000000d6880000,0x00000000d6980000)
 ParOldGen       total 68608K, used 46131K [0x0000000080000000, 0x0000000084300000, 0x00000000d5580000)
  object space 68608K, 67% used [0x0000000080000000,0x0000000082d0cee8,0x0000000084300000)
 Metaspace       used 58356K, committed 59712K, reserved 1114112K
  class space    used 6269K, committed 6784K, reserved 1048576K
}
Event: 24.388 GC heap after
{Heap after GC invocations=34 (full 2):
 PSYoungGen      total 17920K, used 1000K [0x00000000d5580000, 0x00000000d6b00000, 0x0000000100000000)
  eden space 16896K, 0% used [0x00000000d5580000,0x00000000d5580000,0x00000000d6600000)
  from space 1024K, 97% used [0x00000000d6880000,0x00000000d697a098,0x00000000d6980000)
  to   space 2560K, 0% used [0x00000000d6600000,0x00000000d6600000,0x00000000d6880000)
 ParOldGen       total 68608K, used 47269K [0x0000000080000000, 0x0000000084300000, 0x00000000d5580000)
  object space 68608K, 68% used [0x0000000080000000,0x0000000082e296c8,0x0000000084300000)
 Metaspace       used 58356K, committed 59712K, reserved 1114112K
  class space    used 6269K, committed 6784K, reserved 1048576K
}
Event: 24.406 GC heap before
{Heap before GC invocations=35 (full 2):
 PSYoungGen      total 17920K, used 2181K [0x00000000d5580000, 0x00000000d6b00000, 0x0000000100000000)
  eden space 16896K, 6% used [0x00000000d5580000,0x00000000d56a73d0,0x00000000d6600000)
  from space 1024K, 97% used [0x00000000d6880000,0x00000000d697a098,0x00000000d6980000)
  to   space 2560K, 0% used [0x00000000d6600000,0x00000000d6600000,0x00000000d6880000)
 ParOldGen       total 68608K, used 47269K [0x0000000080000000, 0x0000000084300000, 0x00000000d5580000)
  object space 68608K, 68% used [0x0000000080000000,0x0000000082e296c8,0x0000000084300000)
 Metaspace       used 58481K, committed 59776K, reserved 1114112K
  class space    used 6280K, committed 6784K, reserved 1048576K
}
Event: 24.408 GC heap after
{Heap after GC invocations=35 (full 2):
 PSYoungGen      total 17408K, used 381K [0x00000000d5580000, 0x00000000d6900000, 0x0000000100000000)
  eden space 16896K, 0% used [0x00000000d5580000,0x00000000d5580000,0x00000000d6600000)
  from space 512K, 74% used [0x00000000d6600000,0x00000000d665f7c0,0x00000000d6680000)
  to   space 1024K, 0% used [0x00000000d6800000,0x00000000d6800000,0x00000000d6900000)
 ParOldGen       total 68608K, used 48133K [0x0000000080000000, 0x0000000084300000, 0x00000000d5580000)
  object space 68608K, 70% used [0x0000000080000000,0x0000000082f015b8,0x0000000084300000)
 Metaspace       used 58481K, committed 59776K, reserved 1114112K
  class space    used 6280K, committed 6784K, reserved 1048576K
}
Event: 24.408 GC heap before
{Heap before GC invocations=36 (full 3):
 PSYoungGen      total 17408K, used 381K [0x00000000d5580000, 0x00000000d6900000, 0x0000000100000000)
  eden space 16896K, 0% used [0x00000000d5580000,0x00000000d5580000,0x00000000d6600000)
  from space 512K, 74% used [0x00000000d6600000,0x00000000d665f7c0,0x00000000d6680000)
  to   space 1024K, 0% used [0x00000000d6800000,0x00000000d6800000,0x00000000d6900000)
 ParOldGen       total 68608K, used 48133K [0x0000000080000000, 0x0000000084300000, 0x00000000d5580000)
  object space 68608K, 70% used [0x0000000080000000,0x0000000082f015b8,0x0000000084300000)
 Metaspace       used 58481K, committed 59776K, reserved 1114112K
  class space    used 6280K, committed 6784K, reserved 1048576K
}
Event: 24.882 GC heap after
{Heap after GC invocations=36 (full 3):
 PSYoungGen      total 17408K, used 0K [0x00000000d5580000, 0x00000000d6900000, 0x0000000100000000)
  eden space 16896K, 0% used [0x00000000d5580000,0x00000000d5580000,0x00000000d6600000)
  from space 512K, 0% used [0x00000000d6600000,0x00000000d6600000,0x00000000d6680000)
  to   space 1024K, 0% used [0x00000000d6800000,0x00000000d6800000,0x00000000d6900000)
 ParOldGen       total 68608K, used 39818K [0x0000000080000000, 0x0000000084300000, 0x00000000d5580000)
  object space 68608K, 58% used [0x0000000080000000,0x00000000826e2870,0x0000000084300000)
 Metaspace       used 58481K, committed 59776K, reserved 1114112K
  class space    used 6280K, committed 6784K, reserved 1048576K
}
Event: 25.797 GC heap before
{Heap before GC invocations=37 (full 3):
 PSYoungGen      total 17408K, used 16896K [0x00000000d5580000, 0x00000000d6900000, 0x0000000100000000)
  eden space 16896K, 100% used [0x00000000d5580000,0x00000000d6600000,0x00000000d6600000)
  from space 512K, 0% used [0x00000000d6600000,0x00000000d6600000,0x00000000d6680000)
  to   space 1024K, 0% used [0x00000000d6800000,0x00000000d6800000,0x00000000d6900000)
 ParOldGen       total 68608K, used 39818K [0x0000000080000000, 0x0000000084300000, 0x00000000d5580000)
  object space 68608K, 58% used [0x0000000080000000,0x00000000826e2870,0x0000000084300000)
 Metaspace       used 60757K, committed 62080K, reserved 1114112K
  class space    used 6518K, committed 7040K, reserved 1048576K
}
Event: 25.826 GC heap after
{Heap after GC invocations=37 (full 3):
 PSYoungGen      total 17920K, used 1020K [0x00000000d5580000, 0x00000000d6a00000, 0x0000000100000000)
  eden space 16896K, 0% used [0x00000000d5580000,0x00000000d5580000,0x00000000d6600000)
  from space 1024K, 99% used [0x00000000d6800000,0x00000000d68ff3a8,0x00000000d6900000)
  to   space 2048K, 0% used [0x00000000d6600000,0x00000000d6600000,0x00000000d6800000)
 ParOldGen       total 68608K, used 40257K [0x0000000080000000, 0x0000000084300000, 0x00000000d5580000)
  object space 68608K, 58% used [0x0000000080000000,0x0000000082750720,0x0000000084300000)
 Metaspace       used 60757K, committed 62080K, reserved 1114112K
  class space    used 6518K, committed 7040K, reserved 1048576K
}
Event: 26.921 GC heap before
{Heap before GC invocations=38 (full 3):
 PSYoungGen      total 17920K, used 17916K [0x00000000d5580000, 0x00000000d6a00000, 0x0000000100000000)
  eden space 16896K, 99% used [0x00000000d5580000,0x00000000d65ffff0,0x00000000d6600000)
  from space 1024K, 99% used [0x00000000d6800000,0x00000000d68ff3a8,0x00000000d6900000)
  to   space 2048K, 0% used [0x00000000d6600000,0x00000000d6600000,0x00000000d6800000)
 ParOldGen       total 68608K, used 40257K [0x0000000080000000, 0x0000000084300000, 0x00000000d5580000)
  object space 68608K, 58% used [0x0000000080000000,0x0000000082750720,0x0000000084300000)
 Metaspace       used 61875K, committed 63168K, reserved 1114112K
  class space    used 6630K, committed 7168K, reserved 1048576K
}
Event: 26.928 GC heap after
{Heap after GC invocations=38 (full 3):
 PSYoungGen      total 18944K, used 1946K [0x00000000d5580000, 0x00000000d6b00000, 0x0000000100000000)
  eden space 16896K, 0% used [0x00000000d5580000,0x00000000d5580000,0x00000000d6600000)
  from space 2048K, 95% used [0x00000000d6600000,0x00000000d67e6bd0,0x00000000d6800000)
  to   space 2560K, 0% used [0x00000000d6880000,0x00000000d6880000,0x00000000d6b00000)
 ParOldGen       total 68608K, used 41023K [0x0000000080000000, 0x0000000084300000, 0x00000000d5580000)
  object space 68608K, 59% used [0x0000000080000000,0x000000008280fef0,0x0000000084300000)
 Metaspace       used 61875K, committed 63168K, reserved 1114112K
  class space    used 6630K, committed 7168K, reserved 1048576K
}

